d:\documents\jifaley\code\fast_marching\instanttrace\instanttrace\instanttrace\x64\release\vc141.pdb
d:\documents\jifaley\code\fast_marching\instanttrace\instanttrace\instanttrace\x64\release\utils.obj
d:\documents\jifaley\code\fast_marching\instanttrace\instanttrace\instanttrace\x64\release\loadtiff.obj
d:\documents\jifaley\code\fast_marching\instanttrace\instanttrace\x64\release\instanttrace.lib
d:\documents\jifaley\code\fast_marching\instanttrace\instanttrace\x64\release\instanttrace.exp
d:\documents\jifaley\code\fast_marching\instanttrace\instanttrace\x64\release\instanttrace.ipdb
d:\documents\jifaley\code\fast_marching\instanttrace\instanttrace\x64\release\instanttrace.iobj
d:\documents\jifaley\code\fast_marching\instanttrace\instanttrace\x64\release\instanttrace.exe
d:\documents\jifaley\code\fast_marching\instanttrace\instanttrace\x64\release\instanttrace.pdb
d:\documents\jifaley\code\fast_marching\instanttrace\instanttrace\instanttrace\x64\release\compaction.cu.cache
d:\documents\jifaley\code\fast_marching\instanttrace\instanttrace\instanttrace\x64\release\fastmarching.cu.cache
d:\documents\jifaley\code\fast_marching\instanttrace\instanttrace\instanttrace\x64\release\kernel.cu.cache
d:\documents\jifaley\code\fast_marching\instanttrace\instanttrace\instanttrace\x64\release\mergesegments.cu.cache
d:\documents\jifaley\code\fast_marching\instanttrace\instanttrace\instanttrace\x64\release\poissonsample.cu.cache
d:\documents\jifaley\code\fast_marching\instanttrace\instanttrace\instanttrace\x64\release\pruning.cu.cache
d:\documents\jifaley\code\fast_marching\instanttrace\instanttrace\instanttrace\x64\release\threshold.cu.cache
d:\documents\jifaley\code\fast_marching\instanttrace\instanttrace\instanttrace\x64\release\compaction.cu.obj
d:\documents\jifaley\code\fast_marching\instanttrace\instanttrace\instanttrace\x64\release\fastmarching.cu.obj
d:\documents\jifaley\code\fast_marching\instanttrace\instanttrace\instanttrace\x64\release\instanttrace.device-link.obj
d:\documents\jifaley\code\fast_marching\instanttrace\instanttrace\instanttrace\x64\release\kernel.cu.obj
d:\documents\jifaley\code\fast_marching\instanttrace\instanttrace\instanttrace\x64\release\mergesegments.cu.obj
d:\documents\jifaley\code\fast_marching\instanttrace\instanttrace\instanttrace\x64\release\poissonsample.cu.obj
d:\documents\jifaley\code\fast_marching\instanttrace\instanttrace\instanttrace\x64\release\pruning.cu.obj
d:\documents\jifaley\code\fast_marching\instanttrace\instanttrace\instanttrace\x64\release\threshold.cu.obj
d:\documents\jifaley\code\fast_marching\instanttrace\instanttrace\instanttrace\x64\release\instanttrace.tlog\cl.command.1.tlog
d:\documents\jifaley\code\fast_marching\instanttrace\instanttrace\instanttrace\x64\release\instanttrace.tlog\cl.read.1.tlog
d:\documents\jifaley\code\fast_marching\instanttrace\instanttrace\instanttrace\x64\release\instanttrace.tlog\cl.write.1.tlog
d:\documents\jifaley\code\fast_marching\instanttrace\instanttrace\instanttrace\x64\release\instanttrace.tlog\instanttrace.write.1u.tlog
d:\documents\jifaley\code\fast_marching\instanttrace\instanttrace\instanttrace\x64\release\instanttrace.tlog\link.command.1.tlog
d:\documents\jifaley\code\fast_marching\instanttrace\instanttrace\instanttrace\x64\release\instanttrace.tlog\link.read.1.tlog
d:\documents\jifaley\code\fast_marching\instanttrace\instanttrace\instanttrace\x64\release\instanttrace.tlog\link.write.1.tlog
